<?xml version="1.0" encoding="UTF-8"?>
<!-- Generated by org.testng.reporters.JUnitReportReporter -->
<testsuite hostname="LAPTOP-TSUNCLF6" failures="0" tests="1" name="icici.AppTest" time="0.042" errors="0" timestamp="21 Nov 2021 05:07:07 GMT">
  <testcase classname="icici.AppTest" name="testHelloMessage" time="0.042"/>
</testsuite> <!-- icici.AppTest -->
